[2023-02-24 21:30:07,550] {taskinstance.py:1159} INFO - Dependencies all met for <TaskInstance: aws_extract_dag.storing scheduled__2023-02-24T21:25:00+00:00 [queued]>
[2023-02-24 21:30:07,562] {taskinstance.py:1159} INFO - Dependencies all met for <TaskInstance: aws_extract_dag.storing scheduled__2023-02-24T21:25:00+00:00 [queued]>
[2023-02-24 21:30:07,563] {taskinstance.py:1356} INFO - 
--------------------------------------------------------------------------------
[2023-02-24 21:30:07,564] {taskinstance.py:1357} INFO - Starting attempt 1 of 1
[2023-02-24 21:30:07,566] {taskinstance.py:1358} INFO - 
--------------------------------------------------------------------------------
[2023-02-24 21:30:07,600] {taskinstance.py:1377} INFO - Executing <Task(BashOperator): storing> on 2023-02-24 21:25:00+00:00
[2023-02-24 21:30:07,611] {standard_task_runner.py:52} INFO - Started process 965 to run task
[2023-02-24 21:30:07,629] {standard_task_runner.py:79} INFO - Running: ['***', 'tasks', 'run', 'aws_extract_dag', 'storing', 'scheduled__2023-02-24T21:25:00+00:00', '--job-id', '43', '--raw', '--subdir', 'DAGS_FOLDER/aws_dag.py', '--cfg-path', '/tmp/tmpa7uejh7b', '--error-file', '/tmp/tmpdqszxzxc']
[2023-02-24 21:30:07,631] {standard_task_runner.py:80} INFO - Job 43: Subtask storing
[2023-02-24 21:30:07,802] {task_command.py:369} INFO - Running <TaskInstance: aws_extract_dag.storing scheduled__2023-02-24T21:25:00+00:00 [running]> on host b3a66ff5f0fe
[2023-02-24 21:30:07,967] {taskinstance.py:1571} INFO - Exporting the following env vars:
AIRFLOW_CTX_DAG_OWNER=***
AIRFLOW_CTX_DAG_ID=aws_extract_dag
AIRFLOW_CTX_TASK_ID=storing
AIRFLOW_CTX_EXECUTION_DATE=2023-02-24T21:25:00+00:00
AIRFLOW_CTX_TRY_NUMBER=1
AIRFLOW_CTX_DAG_RUN_ID=scheduled__2023-02-24T21:25:00+00:00
[2023-02-24 21:30:07,972] {subprocess.py:62} INFO - Tmp dir root location: 
 /tmp
[2023-02-24 21:30:07,974] {subprocess.py:74} INFO - Running command: ['bash', '-c', 'sleep 30']
[2023-02-24 21:30:08,005] {subprocess.py:85} INFO - Output:
[2023-02-24 21:30:38,032] {subprocess.py:96} INFO - Command exited with return code 0
[2023-02-24 21:30:38,159] {taskinstance.py:1400} INFO - Marking task as SUCCESS. dag_id=aws_extract_dag, task_id=storing, execution_date=20230224T212500, start_date=20230224T213007, end_date=20230224T213038
[2023-02-24 21:30:38,219] {local_task_job.py:156} INFO - Task exited with return code 0
[2023-02-24 21:30:38,288] {local_task_job.py:273} INFO - 1 downstream tasks scheduled from follow-on schedule check
