[2023-02-24 21:35:02,295] {taskinstance.py:1159} INFO - Dependencies all met for <TaskInstance: aws_extract_dag.storing scheduled__2023-02-24T21:30:00+00:00 [queued]>
[2023-02-24 21:35:02,303] {taskinstance.py:1159} INFO - Dependencies all met for <TaskInstance: aws_extract_dag.storing scheduled__2023-02-24T21:30:00+00:00 [queued]>
[2023-02-24 21:35:02,304] {taskinstance.py:1356} INFO - 
--------------------------------------------------------------------------------
[2023-02-24 21:35:02,305] {taskinstance.py:1357} INFO - Starting attempt 1 of 1
[2023-02-24 21:35:02,305] {taskinstance.py:1358} INFO - 
--------------------------------------------------------------------------------
[2023-02-24 21:35:02,317] {taskinstance.py:1377} INFO - Executing <Task(BashOperator): storing> on 2023-02-24 21:30:00+00:00
[2023-02-24 21:35:02,334] {standard_task_runner.py:52} INFO - Started process 1190 to run task
[2023-02-24 21:35:02,342] {standard_task_runner.py:79} INFO - Running: ['***', 'tasks', 'run', 'aws_extract_dag', 'storing', 'scheduled__2023-02-24T21:30:00+00:00', '--job-id', '46', '--raw', '--subdir', 'DAGS_FOLDER/aws_dag.py', '--cfg-path', '/tmp/tmpl59cx_1l', '--error-file', '/tmp/tmpj5wl7qpp']
[2023-02-24 21:35:02,344] {standard_task_runner.py:80} INFO - Job 46: Subtask storing
[2023-02-24 21:35:02,457] {task_command.py:369} INFO - Running <TaskInstance: aws_extract_dag.storing scheduled__2023-02-24T21:30:00+00:00 [running]> on host b3a66ff5f0fe
[2023-02-24 21:35:02,576] {taskinstance.py:1571} INFO - Exporting the following env vars:
AIRFLOW_CTX_DAG_OWNER=***
AIRFLOW_CTX_DAG_ID=aws_extract_dag
AIRFLOW_CTX_TASK_ID=storing
AIRFLOW_CTX_EXECUTION_DATE=2023-02-24T21:30:00+00:00
AIRFLOW_CTX_TRY_NUMBER=1
AIRFLOW_CTX_DAG_RUN_ID=scheduled__2023-02-24T21:30:00+00:00
[2023-02-24 21:35:02,580] {subprocess.py:62} INFO - Tmp dir root location: 
 /tmp
[2023-02-24 21:35:02,581] {subprocess.py:74} INFO - Running command: ['bash', '-c', 'sleep 30']
[2023-02-24 21:35:02,599] {subprocess.py:85} INFO - Output:
[2023-02-24 21:35:32,618] {subprocess.py:96} INFO - Command exited with return code 0
[2023-02-24 21:35:32,721] {taskinstance.py:1400} INFO - Marking task as SUCCESS. dag_id=aws_extract_dag, task_id=storing, execution_date=20230224T213000, start_date=20230224T213502, end_date=20230224T213532
[2023-02-24 21:35:32,821] {local_task_job.py:156} INFO - Task exited with return code 0
[2023-02-24 21:35:32,888] {local_task_job.py:273} INFO - 1 downstream tasks scheduled from follow-on schedule check
